

Tag Exit{
Random seed used = [-907884609]


Tag Exit{
Node0		User Time elapsed = 0.012503 seconds.
Node0		Instruction Simulation Rate = 0.00 Cycles/Second.
Node0		"machinetype"	=	0
Node0		"Cycletrans"	=	0
Node0		"CYCLETIME"	=	1.666667E-08
Node0		NTRANS	=	0
Node0		CPU-only ETOT	=	0.000000E+00 Joules
Node0		CPU-only AVG POWER	=	0.000000E+00 Watts
Node0		"ICLK"	=	0
Node0		"CLK"	=	0
Node0		"TIME"	=	0.000000E+00
Node0		"dyncnt"	=	0
} Tag Exit.
} Tag Exit.


Tag Exit{
Random seed used = [2028433171]


Tag Exit{
Node0		User Time elapsed = 0.000588 seconds.
Node0		Instruction Simulation Rate = 0.00 Cycles/Second.
Node0		"machinetype"	=	0
Node0		"Cycletrans"	=	0
Node0		"CYCLETIME"	=	1.666667E-08
Node0		NTRANS	=	0
Node0		CPU-only ETOT	=	0.000000E+00 Joules
Node0		CPU-only AVG POWER	=	0.000000E+00 Watts
Node0		"ICLK"	=	0
Node0		"CLK"	=	0
Node0		"TIME"	=	0.000000E+00
Node0		"dyncnt"	=	0
} Tag Exit.


Tag Exit{
Node1		User Time elapsed = 0.000588 seconds.
Node1		Instruction Simulation Rate = 3323129.25 Cycles/Second.
Node1		"machinetype"	=	2
Node1		"Cycletrans"	=	0
Node1		"CYCLETIME"	=	1.666667E-08
Node1		NTRANS	=	0
Node1		CPU-only ETOT	=	0.000000E+00 Joules
Node1		CPU-only AVG POWER	=	0.000000E+00 Watts
Node1		"ICLK"	=	1955
Node1		"CLK"	=	1955
Node1		"TIME"	=	3.258333E-05
Node1		"dyncnt"	=	1465
} Tag Exit.
} Tag Exit.


Tag Exit{
Random seed used = [-177536326]


Tag Exit{
Node0		User Time elapsed = 0.008388 seconds.
Node0		Instruction Simulation Rate = 0.00 Cycles/Second.
Node0		"machinetype"	=	0
Node0		"Cycletrans"	=	0
Node0		"CYCLETIME"	=	1.666667E-08
Node0		NTRANS	=	0
Node0		CPU-only ETOT	=	0.000000E+00 Joules
Node0		CPU-only AVG POWER	=	0.000000E+00 Watts
Node0		"ICLK"	=	0
Node0		"CLK"	=	0
Node0		"TIME"	=	0.000000E+00
Node0		"dyncnt"	=	0
} Tag Exit.
} Tag Exit.


Tag Exit{
Random seed used = [-1627421015]


Tag Exit{
Node0		User Time elapsed = 0.000093 seconds.
Node0		Instruction Simulation Rate = 0.00 Cycles/Second.
Node0		"machinetype"	=	0
Node0		"Cycletrans"	=	0
Node0		"CYCLETIME"	=	1.666667E-08
Node0		NTRANS	=	0
Node0		CPU-only ETOT	=	0.000000E+00 Joules
Node0		CPU-only AVG POWER	=	0.000000E+00 Watts
Node0		"ICLK"	=	0
Node0		"CLK"	=	0
Node0		"TIME"	=	0.000000E+00
Node0		"dyncnt"	=	0
} Tag Exit.


Tag Exit{
Node1		User Time elapsed = 0.000093 seconds.
Node1		Instruction Simulation Rate = 21010752.69 Cycles/Second.
Node1		"machinetype"	=	2
Node1		"Cycletrans"	=	0
Node1		"CYCLETIME"	=	1.666667E-08
Node1		NTRANS	=	0
Node1		CPU-only ETOT	=	0.000000E+00 Joules
Node1		CPU-only AVG POWER	=	0.000000E+00 Watts
Node1		"ICLK"	=	1955
Node1		"CLK"	=	1955
Node1		"TIME"	=	3.258333E-05
Node1		"dyncnt"	=	1465
} Tag Exit.
} Tag Exit.


Tag Exit{
Random seed used = [1970676850]


Tag Exit{
Node0		User Time elapsed = 0.010673 seconds.
Node0		Instruction Simulation Rate = 0.00 Cycles/Second.
Node0		"machinetype"	=	0
Node0		"Cycletrans"	=	0
Node0		"CYCLETIME"	=	1.666667E-08
Node0		NTRANS	=	0
Node0		CPU-only ETOT	=	0.000000E+00 Joules
Node0		CPU-only AVG POWER	=	0.000000E+00 Watts
Node0		"ICLK"	=	0
Node0		"CLK"	=	0
Node0		"TIME"	=	0.000000E+00
Node0		"dyncnt"	=	0
} Tag Exit.
} Tag Exit.


Tag Exit{
Random seed used = [1944311519]


Tag Exit{
Node0		User Time elapsed = 0.000288 seconds.
Node0		Instruction Simulation Rate = 0.00 Cycles/Second.
Node0		"machinetype"	=	0
Node0		"Cycletrans"	=	0
Node0		"CYCLETIME"	=	1.666667E-08
Node0		NTRANS	=	0
Node0		CPU-only ETOT	=	0.000000E+00 Joules
Node0		CPU-only AVG POWER	=	0.000000E+00 Watts
Node0		"ICLK"	=	0
Node0		"CLK"	=	0
Node0		"TIME"	=	0.000000E+00
Node0		"dyncnt"	=	0
} Tag Exit.


Tag Exit{
Node1		User Time elapsed = 0.000309 seconds.
Node1		Instruction Simulation Rate = 6323624.60 Cycles/Second.
Node1		"machinetype"	=	2
Node1		"Cycletrans"	=	0
Node1		"CYCLETIME"	=	1.666667E-08
Node1		NTRANS	=	0
Node1		CPU-only ETOT	=	0.000000E+00 Joules
Node1		CPU-only AVG POWER	=	0.000000E+00 Watts
Node1		"ICLK"	=	1955
Node1		"CLK"	=	1955
Node1		"TIME"	=	3.258333E-05
Node1		"dyncnt"	=	1465
} Tag Exit.
} Tag Exit.


Tag Exit{
Random seed used = [-974270251]


Tag Exit{
Node0		User Time elapsed = 0.000995 seconds.
Node0		Instruction Simulation Rate = 0.00 Cycles/Second.
Node0		"machinetype"	=	0
Node0		"Cycletrans"	=	0
Node0		"CYCLETIME"	=	1.666667E-08
Node0		NTRANS	=	0
Node0		CPU-only ETOT	=	0.000000E+00 Joules
Node0		CPU-only AVG POWER	=	0.000000E+00 Watts
Node0		"ICLK"	=	0
Node0		"CLK"	=	0
Node0		"TIME"	=	0.000000E+00
Node0		"dyncnt"	=	0
} Tag Exit.


Tag Exit{
Node1		User Time elapsed = 0.001085 seconds.
Node1		Instruction Simulation Rate = 1800921.66 Cycles/Second.
Node1		"machinetype"	=	2
Node1		"Cycletrans"	=	0
Node1		"CYCLETIME"	=	1.666667E-08
Node1		NTRANS	=	0
Node1		CPU-only ETOT	=	0.000000E+00 Joules
Node1		CPU-only AVG POWER	=	0.000000E+00 Watts
Node1		"ICLK"	=	1955
Node1		"CLK"	=	1955
Node1		"TIME"	=	3.258333E-05
Node1		"dyncnt"	=	1465
} Tag Exit.
} Tag Exit.


Tag Exit{
Random seed used = [-585051561]


Tag Exit{
Node0		User Time elapsed = 0.004153 seconds.
Node0		Instruction Simulation Rate = 0.00 Cycles/Second.
Node0		"machinetype"	=	0
Node0		"Cycletrans"	=	0
Node0		"CYCLETIME"	=	1.666667E-08
Node0		NTRANS	=	0
Node0		CPU-only ETOT	=	0.000000E+00 Joules
Node0		CPU-only AVG POWER	=	0.000000E+00 Watts
Node0		"ICLK"	=	0
Node0		"CLK"	=	0
Node0		"TIME"	=	0.000000E+00
Node0		"dyncnt"	=	0
} Tag Exit.
} Tag Exit.


Tag Exit{
Random seed used = [495817615]


Tag Exit{
Node0		User Time elapsed = 0.000222 seconds.
Node0		Instruction Simulation Rate = 0.00 Cycles/Second.
Node0		"machinetype"	=	0
Node0		"Cycletrans"	=	0
Node0		"CYCLETIME"	=	1.666667E-08
Node0		NTRANS	=	0
Node0		CPU-only ETOT	=	0.000000E+00 Joules
Node0		CPU-only AVG POWER	=	0.000000E+00 Watts
Node0		"ICLK"	=	0
Node0		"CLK"	=	0
Node0		"TIME"	=	0.000000E+00
Node0		"dyncnt"	=	0
} Tag Exit.


Tag Exit{
Node1		User Time elapsed = 0.000237 seconds.
Node1		Instruction Simulation Rate = 8244725.74 Cycles/Second.
Node1		"machinetype"	=	2
Node1		"Cycletrans"	=	0
Node1		"CYCLETIME"	=	1.666667E-08
Node1		NTRANS	=	0
Node1		CPU-only ETOT	=	0.000000E+00 Joules
Node1		CPU-only AVG POWER	=	0.000000E+00 Watts
Node1		"ICLK"	=	1955
Node1		"CLK"	=	1955
Node1		"TIME"	=	3.258333E-05
Node1		"dyncnt"	=	1465
} Tag Exit.
} Tag Exit.


Tag Exit{
Random seed used = [1296875333]


Tag Exit{
Node0		User Time elapsed = 0.001074 seconds.
Node0		Instruction Simulation Rate = 0.00 Cycles/Second.
Node0		"machinetype"	=	0
Node0		"Cycletrans"	=	0
Node0		"CYCLETIME"	=	1.666667E-08
Node0		NTRANS	=	0
Node0		CPU-only ETOT	=	0.000000E+00 Joules
Node0		CPU-only AVG POWER	=	0.000000E+00 Watts
Node0		"ICLK"	=	0
Node0		"CLK"	=	0
Node0		"TIME"	=	0.000000E+00
Node0		"dyncnt"	=	0
} Tag Exit.


Tag Exit{
Node1		User Time elapsed = 0.001149 seconds.
Node1		Instruction Simulation Rate = 1700609.23 Cycles/Second.
Node1		"machinetype"	=	2
Node1		"Cycletrans"	=	0
Node1		"CYCLETIME"	=	1.666667E-08
Node1		NTRANS	=	0
Node1		CPU-only ETOT	=	0.000000E+00 Joules
Node1		CPU-only AVG POWER	=	0.000000E+00 Watts
Node1		"ICLK"	=	1955
Node1		"CLK"	=	1955
Node1		"TIME"	=	3.258333E-05
Node1		"dyncnt"	=	1465
} Tag Exit.
} Tag Exit.


Tag Exit{
Random seed used = [-1222654189]


Tag Exit{
Node0		User Time elapsed = 0.000000 seconds.
Node0		Instruction Simulation Rate = 0.00 Cycles/Second.
Node0		"machinetype"	=	0
Node0		"Cycletrans"	=	0
Node0		"CYCLETIME"	=	1.666667E-08
Node0		NTRANS	=	0
Node0		CPU-only ETOT	=	0.000000E+00 Joules
Node0		CPU-only AVG POWER	=	0.000000E+00 Watts
Node0		"ICLK"	=	0
Node0		"CLK"	=	0
Node0		"TIME"	=	0.000000E+00
Node0		"dyncnt"	=	0
} Tag Exit.
} Tag Exit.


Tag Exit{
Random seed used = [1537486623]


Tag Exit{
Node0		User Time elapsed = 0.000360 seconds.
Node0		Instruction Simulation Rate = 0.00 Cycles/Second.
Node0		"machinetype"	=	0
Node0		"Cycletrans"	=	0
Node0		"CYCLETIME"	=	1.666667E-08
Node0		NTRANS	=	0
Node0		CPU-only ETOT	=	0.000000E+00 Joules
Node0		CPU-only AVG POWER	=	0.000000E+00 Watts
Node0		"ICLK"	=	0
Node0		"CLK"	=	0
Node0		"TIME"	=	0.000000E+00
Node0		"dyncnt"	=	0
} Tag Exit.


Tag Exit{
Node1		User Time elapsed = 0.000386 seconds.
Node1		Instruction Simulation Rate = 5062176.17 Cycles/Second.
Node1		"machinetype"	=	2
Node1		"Cycletrans"	=	0
Node1		"CYCLETIME"	=	1.666667E-08
Node1		NTRANS	=	0
Node1		CPU-only ETOT	=	0.000000E+00 Joules
Node1		CPU-only AVG POWER	=	0.000000E+00 Watts
Node1		"ICLK"	=	1955
Node1		"CLK"	=	1955
Node1		"TIME"	=	3.258333E-05
Node1		"dyncnt"	=	1465
} Tag Exit.
} Tag Exit.


Tag Exit{
Random seed used = [-1969951500]


Tag Exit{
Node0		User Time elapsed = 0.000537 seconds.
Node0		Instruction Simulation Rate = 0.00 Cycles/Second.
Node0		"machinetype"	=	0
Node0		"Cycletrans"	=	0
Node0		"CYCLETIME"	=	1.666667E-08
Node0		NTRANS	=	0
Node0		CPU-only ETOT	=	0.000000E+00 Joules
Node0		CPU-only AVG POWER	=	0.000000E+00 Watts
Node0		"ICLK"	=	0
Node0		"CLK"	=	0
Node0		"TIME"	=	0.000000E+00
Node0		"dyncnt"	=	0
} Tag Exit.


Tag Exit{
Node1		User Time elapsed = 0.000556 seconds.
Node1		Instruction Simulation Rate = 6437050.36 Cycles/Second.
Node1		"machinetype"	=	2
Node1		"Cycletrans"	=	0
Node1		"CYCLETIME"	=	1.666667E-08
Node1		NTRANS	=	0
Node1		CPU-only ETOT	=	0.000000E+00 Joules
Node1		CPU-only AVG POWER	=	0.000000E+00 Watts
Node1		"ICLK"	=	3580
Node1		"CLK"	=	3580
Node1		"TIME"	=	5.966667E-05
Node1		"dyncnt"	=	2674
} Tag Exit.
} Tag Exit.
