

Tag Exit{
Random seed used = [-1268801544]


Tag Exit{
Node0		User Time elapsed = 0.000679 seconds.
Node0		Instruction Simulation Rate = 0.00 Cycles/Second.
Node0		"machinetype"	=	0
Node0		"Cycletrans"	=	0
Node0		"CYCLETIME"	=	1.666667E-08
Node0		NTRANS	=	0
Node0		CPU-only ETOT	=	0.000000E+00 Joules
Node0		CPU-only AVG POWER	=	0.000000E+00 Watts
Node0		"ICLK"	=	0
Node0		"CLK"	=	0
Node0		"TIME"	=	0.000000E+00
Node0		"dyncnt"	=	0
} Tag Exit.


Tag Exit{
Node1		User Time elapsed = 0.000679 seconds.
Node1		Instruction Simulation Rate = 2877761.41 Cycles/Second.
Node1		"machinetype"	=	2
Node1		"Cycletrans"	=	0
Node1		"CYCLETIME"	=	1.666667E-08
Node1		NTRANS	=	0
Node1		CPU-only ETOT	=	0.000000E+00 Joules
Node1		CPU-only AVG POWER	=	0.000000E+00 Watts
Node1		"ICLK"	=	1955
Node1		"CLK"	=	1955
Node1		"TIME"	=	3.258333E-05
Node1		"dyncnt"	=	1465
} Tag Exit.
} Tag Exit.


Tag Exit{
Random seed used = [-2129994794]


Tag Exit{
Node0		User Time elapsed = 0.000093 seconds.
Node0		Instruction Simulation Rate = 0.00 Cycles/Second.
Node0		"machinetype"	=	0
Node0		"Cycletrans"	=	0
Node0		"CYCLETIME"	=	1.666667E-08
Node0		NTRANS	=	0
Node0		CPU-only ETOT	=	0.000000E+00 Joules
Node0		CPU-only AVG POWER	=	0.000000E+00 Watts
Node0		"ICLK"	=	0
Node0		"CLK"	=	0
Node0		"TIME"	=	0.000000E+00
Node0		"dyncnt"	=	0
} Tag Exit.


Tag Exit{
Node1		User Time elapsed = 0.000100 seconds.
Node1		Instruction Simulation Rate = 19540000.00 Cycles/Second.
Node1		"machinetype"	=	2
Node1		"Cycletrans"	=	0
Node1		"CYCLETIME"	=	1.666667E-08
Node1		NTRANS	=	0
Node1		CPU-only ETOT	=	0.000000E+00 Joules
Node1		CPU-only AVG POWER	=	0.000000E+00 Watts
Node1		"ICLK"	=	1955
Node1		"CLK"	=	1955
Node1		"TIME"	=	3.258333E-05
Node1		"dyncnt"	=	1465
} Tag Exit.
} Tag Exit.


Tag Exit{
Random seed used = [1204603677]


Tag Exit{
Node0		User Time elapsed = 0.001154 seconds.
Node0		Instruction Simulation Rate = 0.00 Cycles/Second.
Node0		"machinetype"	=	0
Node0		"Cycletrans"	=	0
Node0		"CYCLETIME"	=	1.666667E-08
Node0		NTRANS	=	0
Node0		CPU-only ETOT	=	0.000000E+00 Joules
Node0		CPU-only AVG POWER	=	0.000000E+00 Watts
Node0		"ICLK"	=	0
Node0		"CLK"	=	0
Node0		"TIME"	=	0.000000E+00
Node0		"dyncnt"	=	0
} Tag Exit.


Tag Exit{
Node1		User Time elapsed = 0.001216 seconds.
Node1		Instruction Simulation Rate = 1606907.89 Cycles/Second.
Node1		"machinetype"	=	2
Node1		"Cycletrans"	=	0
Node1		"CYCLETIME"	=	1.666667E-08
Node1		NTRANS	=	0
Node1		CPU-only ETOT	=	0.000000E+00 Joules
Node1		CPU-only AVG POWER	=	0.000000E+00 Watts
Node1		"ICLK"	=	1955
Node1		"CLK"	=	1955
Node1		"TIME"	=	3.258333E-05
Node1		"dyncnt"	=	1465
} Tag Exit.
} Tag Exit.


Tag Exit{
Random seed used = [-1092704374]


Tag Exit{
Node0		User Time elapsed = 0.000219 seconds.
Node0		Instruction Simulation Rate = 0.00 Cycles/Second.
Node0		"machinetype"	=	0
Node0		"Cycletrans"	=	0
Node0		"CYCLETIME"	=	1.666667E-08
Node0		NTRANS	=	0
Node0		CPU-only ETOT	=	0.000000E+00 Joules
Node0		CPU-only AVG POWER	=	0.000000E+00 Watts
Node0		"ICLK"	=	0
Node0		"CLK"	=	0
Node0		"TIME"	=	0.000000E+00
Node0		"dyncnt"	=	0
} Tag Exit.


Tag Exit{
Node1		User Time elapsed = 0.000231 seconds.
Node1		Instruction Simulation Rate = 8458874.46 Cycles/Second.
Node1		"machinetype"	=	2
Node1		"Cycletrans"	=	0
Node1		"CYCLETIME"	=	1.666667E-08
Node1		NTRANS	=	0
Node1		CPU-only ETOT	=	0.000000E+00 Joules
Node1		CPU-only AVG POWER	=	0.000000E+00 Watts
Node1		"ICLK"	=	1955
Node1		"CLK"	=	1955
Node1		"TIME"	=	3.258333E-05
Node1		"dyncnt"	=	1465
} Tag Exit.
} Tag Exit.


Tag Exit{
Random seed used = [362667026]


Tag Exit{
Node0		User Time elapsed = 0.001162 seconds.
Node0		Instruction Simulation Rate = 0.00 Cycles/Second.
Node0		"machinetype"	=	0
Node0		"Cycletrans"	=	0
Node0		"CYCLETIME"	=	1.666667E-08
Node0		NTRANS	=	0
Node0		CPU-only ETOT	=	0.000000E+00 Joules
Node0		CPU-only AVG POWER	=	0.000000E+00 Watts
Node0		"ICLK"	=	0
Node0		"CLK"	=	0
Node0		"TIME"	=	0.000000E+00
Node0		"dyncnt"	=	0
} Tag Exit.


Tag Exit{
Node1		User Time elapsed = 0.001236 seconds.
Node1		Instruction Simulation Rate = 1580906.15 Cycles/Second.
Node1		"machinetype"	=	2
Node1		"Cycletrans"	=	0
Node1		"CYCLETIME"	=	1.666667E-08
Node1		NTRANS	=	0
Node1		CPU-only ETOT	=	0.000000E+00 Joules
Node1		CPU-only AVG POWER	=	0.000000E+00 Watts
Node1		"ICLK"	=	1955
Node1		"CLK"	=	1955
Node1		"TIME"	=	3.258333E-05
Node1		"dyncnt"	=	1465
} Tag Exit.
} Tag Exit.


Tag Exit{
Random seed used = [-1197741176]


Tag Exit{
Node0		User Time elapsed = 0.013788 seconds.
Node0		Instruction Simulation Rate = 0.00 Cycles/Second.
Node0		"machinetype"	=	0
Node0		"Cycletrans"	=	0
Node0		"CYCLETIME"	=	1.666667E-08
Node0		NTRANS	=	0
Node0		CPU-only ETOT	=	0.000000E+00 Joules
Node0		CPU-only AVG POWER	=	0.000000E+00 Watts
Node0		"ICLK"	=	0
Node0		"CLK"	=	0
Node0		"TIME"	=	0.000000E+00
Node0		"dyncnt"	=	0
} Tag Exit.


Tag Exit{
Node1		User Time elapsed = 0.013811 seconds.
Node1		Instruction Simulation Rate = 0.00 Cycles/Second.
Node1		"machinetype"	=	2
Node1		"Cycletrans"	=	0
Node1		"CYCLETIME"	=	1.666667E-08
Node1		NTRANS	=	0
Node1		CPU-only ETOT	=	0.000000E+00 Joules
Node1		CPU-only AVG POWER	=	0.000000E+00 Watts
Node1		"ICLK"	=	0
Node1		"CLK"	=	0
Node1		"TIME"	=	0.000000E+00
Node1		"dyncnt"	=	0
} Tag Exit.
} Tag Exit.


Tag Exit{
Random seed used = [1620961204]


Tag Exit{
Node0		User Time elapsed = 0.000198 seconds.
Node0		Instruction Simulation Rate = 0.00 Cycles/Second.
Node0		"machinetype"	=	0
Node0		"Cycletrans"	=	0
Node0		"CYCLETIME"	=	1.666667E-08
Node0		NTRANS	=	0
Node0		CPU-only ETOT	=	0.000000E+00 Joules
Node0		CPU-only AVG POWER	=	0.000000E+00 Watts
Node0		"ICLK"	=	0
Node0		"CLK"	=	0
Node0		"TIME"	=	0.000000E+00
Node0		"dyncnt"	=	0
} Tag Exit.


Tag Exit{
Node1		User Time elapsed = 0.000208 seconds.
Node1		Instruction Simulation Rate = 9394230.77 Cycles/Second.
Node1		"machinetype"	=	2
Node1		"Cycletrans"	=	0
Node1		"CYCLETIME"	=	1.666667E-08
Node1		NTRANS	=	0
Node1		CPU-only ETOT	=	0.000000E+00 Joules
Node1		CPU-only AVG POWER	=	0.000000E+00 Watts
Node1		"ICLK"	=	1955
Node1		"CLK"	=	1955
Node1		"TIME"	=	3.258333E-05
Node1		"dyncnt"	=	1465
} Tag Exit.
} Tag Exit.


Tag Exit{
Random seed used = [-835440194]


Tag Exit{
Node0		User Time elapsed = 0.087570 seconds.
Node0		Instruction Simulation Rate = 0.00 Cycles/Second.
Node0		"machinetype"	=	0
Node0		"Cycletrans"	=	0
Node0		"CYCLETIME"	=	1.666667E-08
Node0		NTRANS	=	0
Node0		CPU-only ETOT	=	0.000000E+00 Joules
Node0		CPU-only AVG POWER	=	0.000000E+00 Watts
Node0		"ICLK"	=	0
Node0		"CLK"	=	0
Node0		"TIME"	=	0.000000E+00
Node0		"dyncnt"	=	0
} Tag Exit.


Tag Exit{
Node1		User Time elapsed = 0.087650 seconds.
Node1		Instruction Simulation Rate = 4752527.10 Cycles/Second.
Node1		"machinetype"	=	2
Node1		"Cycletrans"	=	0
Node1		"CYCLETIME"	=	1.666667E-08
Node1		NTRANS	=	0
Node1		CPU-only ETOT	=	0.000000E+00 Joules
Node1		CPU-only AVG POWER	=	0.000000E+00 Watts
Node1		"ICLK"	=	416560
Node1		"CLK"	=	416560
Node1		"TIME"	=	6.942667E-03
Node1		"dyncnt"	=	300668
} Tag Exit.
} Tag Exit.


Tag Exit{
Random seed used = [-1562035326]


Tag Exit{
Node0		User Time elapsed = 0.407933 seconds.
Node0		Instruction Simulation Rate = 0.00 Cycles/Second.
Node0		"machinetype"	=	0
Node0		"Cycletrans"	=	0
Node0		"CYCLETIME"	=	1.666667E-08
Node0		NTRANS	=	0
Node0		CPU-only ETOT	=	0.000000E+00 Joules
Node0		CPU-only AVG POWER	=	0.000000E+00 Watts
Node0		"ICLK"	=	0
Node0		"CLK"	=	0
Node0		"TIME"	=	0.000000E+00
Node0		"dyncnt"	=	0
} Tag Exit.


Tag Exit{
Node1		User Time elapsed = 0.408007 seconds.
Node1		Instruction Simulation Rate = 4399703.93 Cycles/Second.
Node1		"machinetype"	=	2
Node1		"Cycletrans"	=	0
Node1		"CYCLETIME"	=	1.666667E-08
Node1		NTRANS	=	0
Node1		CPU-only ETOT	=	0.000000E+00 Joules
Node1		CPU-only AVG POWER	=	0.000000E+00 Watts
Node1		"ICLK"	=	1795111
Node1		"CLK"	=	1795111
Node1		"TIME"	=	2.991852E-02
Node1		"dyncnt"	=	1296012
} Tag Exit.
} Tag Exit.


Tag Exit{
Random seed used = [-636211628]


Tag Exit{
Node0		User Time elapsed = 0.090401 seconds.
Node0		Instruction Simulation Rate = 0.00 Cycles/Second.
Node0		"machinetype"	=	0
Node0		"Cycletrans"	=	0
Node0		"CYCLETIME"	=	1.666667E-08
Node0		NTRANS	=	0
Node0		CPU-only ETOT	=	0.000000E+00 Joules
Node0		CPU-only AVG POWER	=	0.000000E+00 Watts
Node0		"ICLK"	=	0
Node0		"CLK"	=	0
Node0		"TIME"	=	0.000000E+00
Node0		"dyncnt"	=	0
} Tag Exit.


Tag Exit{
Node1		User Time elapsed = 0.090470 seconds.
Node1		Instruction Simulation Rate = 4914115.18 Cycles/Second.
Node1		"machinetype"	=	2
Node1		"Cycletrans"	=	0
Node1		"CYCLETIME"	=	1.666667E-08
Node1		NTRANS	=	0
Node1		CPU-only ETOT	=	0.000000E+00 Joules
Node1		CPU-only AVG POWER	=	0.000000E+00 Watts
Node1		"ICLK"	=	444581
Node1		"CLK"	=	444581
Node1		"TIME"	=	7.409683E-03
Node1		"dyncnt"	=	320907
} Tag Exit.
} Tag Exit.


Tag Exit{
Random seed used = [1478065013]


Tag Exit{
Node0		User Time elapsed = 0.000137 seconds.
Node0		Instruction Simulation Rate = 0.00 Cycles/Second.
Node0		"machinetype"	=	0
Node0		"Cycletrans"	=	0
Node0		"CYCLETIME"	=	1.666667E-08
Node0		NTRANS	=	0
Node0		CPU-only ETOT	=	0.000000E+00 Joules
Node0		CPU-only AVG POWER	=	0.000000E+00 Watts
Node0		"ICLK"	=	0
Node0		"CLK"	=	0
Node0		"TIME"	=	0.000000E+00
Node0		"dyncnt"	=	0
} Tag Exit.


Tag Exit{
Node1		User Time elapsed = 0.000152 seconds.
Node1		Instruction Simulation Rate = 3782894.74 Cycles/Second.
Node1		"machinetype"	=	2
Node1		"Cycletrans"	=	0
Node1		"CYCLETIME"	=	1.666667E-08
Node1		NTRANS	=	0
Node1		CPU-only ETOT	=	0.000000E+00 Joules
Node1		CPU-only AVG POWER	=	0.000000E+00 Watts
Node1		"ICLK"	=	576
Node1		"CLK"	=	576
Node1		"TIME"	=	9.600000E-06
Node1		"dyncnt"	=	445
} Tag Exit.
} Tag Exit.
